Watching for file changes with StatReloader
[21/Aug/2025 14:21:04] "GET / HTTP/1.1" 200 8710
[21/Aug/2025 14:21:05] "POST /api/submit/ HTTP/1.1" 201 159
[21/Aug/2025 14:21:35] "POST /api/submit/ HTTP/1.1" 201 160
[21/Aug/2025 14:22:05] "POST /api/submit/ HTTP/1.1" 201 160
[21/Aug/2025 14:22:35] "POST /api/submit/ HTTP/1.1" 201 160
[21/Aug/2025 14:22:47] "GET / HTTP/1.1" 200 8710
[21/Aug/2025 14:22:47] "GET /static/css/style.css HTTP/1.1" 200 10458
[21/Aug/2025 14:22:47] "GET /static/js/app.js HTTP/1.1" 200 26138
[21/Aug/2025 14:22:47] "GET /api/hosts/ HTTP/1.1" 200 187238
Not Found: /favicon.ico
[21/Aug/2025 14:22:47] "GET /favicon.ico HTTP/1.1" 404 4182
[21/Aug/2025 14:22:54] "GET /api/hosts/lp334-Latitude-3420/processes/ HTTP/1.1" 200 92519
[21/Aug/2025 14:22:54] "GET /api/hosts/ HTTP/1.1" 200 187238
[21/Aug/2025 14:22:54] "GET /api/hosts/lp334-Latitude-3420/resources/ HTTP/1.1" 200 1185
[21/Aug/2025 14:23:00] "GET /api/hosts/rayan/processes/ HTTP/1.1" 200 92361
[21/Aug/2025 14:23:00] "GET /api/hosts/ HTTP/1.1" 200 187238
[21/Aug/2025 14:23:00] "GET /api/hosts/rayan/resources/ HTTP/1.1" 200 1170
[21/Aug/2025 14:23:05] "POST /api/submit/ HTTP/1.1" 201 160
[21/Aug/2025 14:23:08] "GET /api/hosts/lp334-Latitude-3420/processes/ HTTP/1.1" 200 91697
[21/Aug/2025 14:23:08] "GET /api/hosts/ HTTP/1.1" 200 186412
[21/Aug/2025 14:23:08] "GET /api/hosts/lp334-Latitude-3420/resources/ HTTP/1.1" 200 1202
[21/Aug/2025 14:23:09] "GET /api/hosts/lp334-Latitude-3420/processes/ HTTP/1.1" 200 91697
[21/Aug/2025 14:23:09] "GET /api/hosts/ HTTP/1.1" 200 186412
[21/Aug/2025 14:23:09] "GET /api/hosts/lp334-Latitude-3420/resources/ HTTP/1.1" 200 1202
[21/Aug/2025 14:23:35] "POST /api/submit/ HTTP/1.1" 201 160
[21/Aug/2025 14:23:38] "GET /api/hosts/lp334-Latitude-3420/processes/ HTTP/1.1" 200 90803
[21/Aug/2025 14:23:38] "GET /api/hosts/ HTTP/1.1" 200 185514
[21/Aug/2025 14:23:38] "GET /api/hosts/lp334-Latitude-3420/resources/ HTTP/1.1" 200 1179
[21/Aug/2025 14:24:05] "POST /api/submit/ HTTP/1.1" 201 160
[21/Aug/2025 14:24:08] "GET /api/hosts/lp334-Latitude-3420/processes/ HTTP/1.1" 200 90814
[21/Aug/2025 14:24:08] "GET /api/hosts/ HTTP/1.1" 200 185525
[21/Aug/2025 14:24:08] "GET /api/hosts/lp334-Latitude-3420/resources/ HTTP/1.1" 200 1185
[21/Aug/2025 14:24:36] "POST /api/submit/ HTTP/1.1" 201 160
[21/Aug/2025 14:24:38] "GET /api/hosts/lp334-Latitude-3420/processes/ HTTP/1.1" 200 90631
[21/Aug/2025 14:24:38] "GET /api/hosts/ HTTP/1.1" 200 185341
[21/Aug/2025 14:24:39] "GET /api/hosts/lp334-Latitude-3420/resources/ HTTP/1.1" 200 1173
[21/Aug/2025 14:25:06] "POST /api/submit/ HTTP/1.1" 201 160
[21/Aug/2025 14:25:08] "GET /api/hosts/lp334-Latitude-3420/processes/ HTTP/1.1" 200 90649
[21/Aug/2025 14:25:08] "GET /api/hosts/ HTTP/1.1" 200 185359
[21/Aug/2025 14:25:08] "GET /api/hosts/lp334-Latitude-3420/resources/ HTTP/1.1" 200 1186
[21/Aug/2025 14:25:36] "POST /api/submit/ HTTP/1.1" 201 160
[21/Aug/2025 14:25:38] "GET /api/hosts/lp334-Latitude-3420/processes/ HTTP/1.1" 200 90271
[21/Aug/2025 14:25:38] "GET /api/hosts/ HTTP/1.1" 200 184979
[21/Aug/2025 14:25:38] "GET /api/hosts/lp334-Latitude-3420/resources/ HTTP/1.1" 200 1190
[21/Aug/2025 14:26:06] "POST /api/submit/ HTTP/1.1" 201 160
[21/Aug/2025 14:26:08] "GET /api/hosts/lp334-Latitude-3420/processes/ HTTP/1.1" 200 92352
[21/Aug/2025 14:26:08] "GET /api/hosts/ HTTP/1.1" 200 187070
[21/Aug/2025 14:26:08] "GET /api/hosts/lp334-Latitude-3420/resources/ HTTP/1.1" 200 1184
[21/Aug/2025 14:26:35] "POST /api/submit/ HTTP/1.1" 201 160
[21/Aug/2025 14:26:38] "GET /api/hosts/lp334-Latitude-3420/processes/ HTTP/1.1" 200 92136
[21/Aug/2025 14:26:38] "GET /api/hosts/ HTTP/1.1" 200 186852
[21/Aug/2025 14:26:38] "GET /api/hosts/lp334-Latitude-3420/resources/ HTTP/1.1" 200 1181
[21/Aug/2025 14:26:55] "GET / HTTP/1.1" 200 8710
[21/Aug/2025 14:26:55] "GET /static/css/style.css HTTP/1.1" 304 0
[21/Aug/2025 14:26:55] "GET /static/js/app.js HTTP/1.1" 304 0
[21/Aug/2025 14:26:55] "GET /api/hosts/ HTTP/1.1" 200 186852
[21/Aug/2025 14:26:58] "GET /api/hosts/lp334-Latitude-3420/processes/ HTTP/1.1" 200 92136
[21/Aug/2025 14:26:58] "GET /api/hosts/ HTTP/1.1" 200 186852
[21/Aug/2025 14:26:58] "GET /api/hosts/lp334-Latitude-3420/resources/ HTTP/1.1" 200 1181
[21/Aug/2025 14:27:00] "GET /api/hosts/rayan/processes/ HTTP/1.1" 200 92361
[21/Aug/2025 14:27:00] "GET /api/hosts/ HTTP/1.1" 200 186852
[21/Aug/2025 14:27:00] "GET /api/hosts/rayan/resources/ HTTP/1.1" 200 1170
[21/Aug/2025 14:27:05] "POST /api/submit/ HTTP/1.1" 201 160
[21/Aug/2025 14:27:30] "GET /api/hosts/rayan/processes/ HTTP/1.1" 200 92361
[21/Aug/2025 14:27:30] "GET /api/hosts/ HTTP/1.1" 200 185937
[21/Aug/2025 14:27:30] "GET /api/hosts/rayan/resources/ HTTP/1.1" 200 1170
[21/Aug/2025 14:27:35] "POST /api/submit/ HTTP/1.1" 201 160
[21/Aug/2025 14:28:00] "GET /api/hosts/rayan/processes/ HTTP/1.1" 200 92361
[21/Aug/2025 14:28:00] "GET /api/hosts/ HTTP/1.1" 200 184975
[21/Aug/2025 14:28:00] "GET /api/hosts/rayan/resources/ HTTP/1.1" 200 1170
[21/Aug/2025 14:28:05] "POST /api/submit/ HTTP/1.1" 201 160
[21/Aug/2025 14:28:30] "GET /api/hosts/rayan/processes/ HTTP/1.1" 200 92361
[21/Aug/2025 14:28:30] "GET /api/hosts/ HTTP/1.1" 200 185820
[21/Aug/2025 14:28:30] "GET /api/hosts/rayan/resources/ HTTP/1.1" 200 1170
[21/Aug/2025 14:28:35] "POST /api/submit/ HTTP/1.1" 201 160
[21/Aug/2025 14:29:00] "GET /api/hosts/rayan/processes/ HTTP/1.1" 200 92361
[21/Aug/2025 14:29:00] "GET /api/hosts/ HTTP/1.1" 200 184941
[21/Aug/2025 14:29:00] "GET /api/hosts/rayan/resources/ HTTP/1.1" 200 1170
[21/Aug/2025 14:29:05] "POST /api/submit/ HTTP/1.1" 201 160
[21/Aug/2025 14:29:30] "GET /api/hosts/rayan/processes/ HTTP/1.1" 200 92361
[21/Aug/2025 14:29:30] "GET /api/hosts/ HTTP/1.1" 200 185624
[21/Aug/2025 14:29:30] "GET /api/hosts/rayan/resources/ HTTP/1.1" 200 1170
[21/Aug/2025 14:29:35] "POST /api/submit/ HTTP/1.1" 201 160
[21/Aug/2025 14:30:00] "GET /api/hosts/rayan/processes/ HTTP/1.1" 200 92361
[21/Aug/2025 14:30:00] "GET /api/hosts/ HTTP/1.1" 200 185600
[21/Aug/2025 14:30:00] "GET /api/hosts/rayan/resources/ HTTP/1.1" 200 1170
[21/Aug/2025 14:30:06] "POST /api/submit/ HTTP/1.1" 201 160
[21/Aug/2025 14:30:30] "GET /api/hosts/rayan/processes/ HTTP/1.1" 200 92361
[21/Aug/2025 14:30:30] "GET /api/hosts/ HTTP/1.1" 200 185810
[21/Aug/2025 14:30:30] "GET /api/hosts/rayan/resources/ HTTP/1.1" 200 1170
[21/Aug/2025 14:30:35] "POST /api/submit/ HTTP/1.1" 201 160
[21/Aug/2025 14:31:06] "POST /api/submit/ HTTP/1.1" 201 160
[21/Aug/2025 14:31:14] "GET /api/hosts/rayan/processes/ HTTP/1.1" 200 92361
[21/Aug/2025 14:31:14] "GET /api/hosts/ HTTP/1.1" 200 186317
[21/Aug/2025 14:31:14] "GET /api/hosts/rayan/resources/ HTTP/1.1" 200 1170
[21/Aug/2025 14:31:36] "POST /api/submit/ HTTP/1.1" 201 160
[21/Aug/2025 14:32:05] "POST /api/submit/ HTTP/1.1" 201 160
[21/Aug/2025 14:32:14] "GET /api/hosts/rayan/processes/ HTTP/1.1" 200 92361
[21/Aug/2025 14:32:14] "GET /api/hosts/ HTTP/1.1" 200 185732
[21/Aug/2025 14:32:14] "GET /api/hosts/rayan/resources/ HTTP/1.1" 200 1170
[21/Aug/2025 14:32:35] "POST /api/submit/ HTTP/1.1" 201 160
[21/Aug/2025 14:33:05] "POST /api/submit/ HTTP/1.1" 201 160
[21/Aug/2025 14:33:14] "GET /api/hosts/rayan/processes/ HTTP/1.1" 200 92361
[21/Aug/2025 14:33:14] "GET /api/hosts/ HTTP/1.1" 200 185089
[21/Aug/2025 14:33:14] "GET /api/hosts/rayan/resources/ HTTP/1.1" 200 1170
[21/Aug/2025 14:33:35] "POST /api/submit/ HTTP/1.1" 201 160
[21/Aug/2025 14:34:05] "POST /api/submit/ HTTP/1.1" 201 160
[21/Aug/2025 14:34:14] "GET /api/hosts/rayan/processes/ HTTP/1.1" 200 92361
[21/Aug/2025 14:34:14] "GET /api/hosts/ HTTP/1.1" 200 185290
[21/Aug/2025 14:34:14] "GET /api/hosts/rayan/resources/ HTTP/1.1" 200 1170
[21/Aug/2025 14:34:35] "POST /api/submit/ HTTP/1.1" 201 160
